[2024-02-18 21:14:10] local.ERROR: file_put_contents(E:\OSPanel\domains\work-projects\laravel-vuejs-tutorial\backend\storage\framework/sessions/4OdwjUq70eLQwPUbQTvEtD3Mkadi1K8yALVfIgVk): Failed to open stream: No such file or directory {"exception":"[object] (ErrorException(code: 0): file_put_contents(E:\\OSPanel\\domains\\work-projects\\laravel-vuejs-tutorial\\backend\\storage\\framework/sessions/4OdwjUq70eLQwPUbQTvEtD3Mkadi1K8yALVfIgVk): Failed to open stream: No such file or directory at /var/www/html/work/laravel-vuejs-tutorial/backend/vendor/laravel/framework/src/Illuminate/Filesystem/Filesystem.php:205)
[stacktrace]
#0 /var/www/html/work/laravel-vuejs-tutorial/backend/vendor/laravel/framework/src/Illuminate/Foundation/Bootstrap/HandleExceptions.php(255): Illuminate\\Foundation\\Bootstrap\\HandleExceptions->handleError()
#1 [internal function]: Illuminate\\Foundation\\Bootstrap\\HandleExceptions->Illuminate\\Foundation\\Bootstrap\\{closure}()
#2 /var/www/html/work/laravel-vuejs-tutorial/backend/vendor/laravel/framework/src/Illuminate/Filesystem/Filesystem.php(205): file_put_contents()
#3 /var/www/html/work/laravel-vuejs-tutorial/backend/vendor/laravel/framework/src/Illuminate/Session/FileSessionHandler.php(90): Illuminate\\Filesystem\\Filesystem->put()
#4 /var/www/html/work/laravel-vuejs-tutorial/backend/vendor/laravel/framework/src/Illuminate/Session/Store.php(172): Illuminate\\Session\\FileSessionHandler->write()
#5 /var/www/html/work/laravel-vuejs-tutorial/backend/vendor/laravel/framework/src/Illuminate/Session/Middleware/StartSession.php(245): Illuminate\\Session\\Store->save()
#6 /var/www/html/work/laravel-vuejs-tutorial/backend/vendor/laravel/framework/src/Illuminate/Session/Middleware/StartSession.php(130): Illuminate\\Session\\Middleware\\StartSession->saveSession()
#7 /var/www/html/work/laravel-vuejs-tutorial/backend/vendor/laravel/framework/src/Illuminate/Session/Middleware/StartSession.php(64): Illuminate\\Session\\Middleware\\StartSession->handleStatefulRequest()
#8 /var/www/html/work/laravel-vuejs-tutorial/backend/vendor/laravel/framework/src/Illuminate/Pipeline/Pipeline.php(183): Illuminate\\Session\\Middleware\\StartSession->handle()
#9 /var/www/html/work/laravel-vuejs-tutorial/backend/vendor/laravel/framework/src/Illuminate/Cookie/Middleware/AddQueuedCookiesToResponse.php(37): Illuminate\\Pipeline\\Pipeline->Illuminate\\Pipeline\\{closure}()
#10 /var/www/html/work/laravel-vuejs-tutorial/backend/vendor/laravel/framework/src/Illuminate/Pipeline/Pipeline.php(183): Illuminate\\Cookie\\Middleware\\AddQueuedCookiesToResponse->handle()
#11 /var/www/html/work/laravel-vuejs-tutorial/backend/vendor/laravel/framework/src/Illuminate/Cookie/Middleware/EncryptCookies.php(67): Illuminate\\Pipeline\\Pipeline->Illuminate\\Pipeline\\{closure}()
#12 /var/www/html/work/laravel-vuejs-tutorial/backend/vendor/laravel/framework/src/Illuminate/Pipeline/Pipeline.php(183): Illuminate\\Cookie\\Middleware\\EncryptCookies->handle()
#13 /var/www/html/work/laravel-vuejs-tutorial/backend/vendor/laravel/framework/src/Illuminate/Pipeline/Pipeline.php(119): Illuminate\\Pipeline\\Pipeline->Illuminate\\Pipeline\\{closure}()
#14 /var/www/html/work/laravel-vuejs-tutorial/backend/vendor/laravel/framework/src/Illuminate/Routing/Router.php(805): Illuminate\\Pipeline\\Pipeline->then()
#15 /var/www/html/work/laravel-vuejs-tutorial/backend/vendor/laravel/framework/src/Illuminate/Routing/Router.php(784): Illuminate\\Routing\\Router->runRouteWithinStack()
#16 /var/www/html/work/laravel-vuejs-tutorial/backend/vendor/laravel/framework/src/Illuminate/Routing/Router.php(748): Illuminate\\Routing\\Router->runRoute()
#17 /var/www/html/work/laravel-vuejs-tutorial/backend/vendor/laravel/framework/src/Illuminate/Routing/Router.php(737): Illuminate\\Routing\\Router->dispatchToRoute()
#18 /var/www/html/work/laravel-vuejs-tutorial/backend/vendor/laravel/framework/src/Illuminate/Foundation/Http/Kernel.php(200): Illuminate\\Routing\\Router->dispatch()
#19 /var/www/html/work/laravel-vuejs-tutorial/backend/vendor/laravel/framework/src/Illuminate/Pipeline/Pipeline.php(144): Illuminate\\Foundation\\Http\\Kernel->Illuminate\\Foundation\\Http\\{closure}()
#20 /var/www/html/work/laravel-vuejs-tutorial/backend/vendor/barryvdh/laravel-debugbar/src/Middleware/InjectDebugbar.php(66): Illuminate\\Pipeline\\Pipeline->Illuminate\\Pipeline\\{closure}()
#21 /var/www/html/work/laravel-vuejs-tutorial/backend/vendor/laravel/framework/src/Illuminate/Pipeline/Pipeline.php(183): Barryvdh\\Debugbar\\Middleware\\InjectDebugbar->handle()
#22 /var/www/html/work/laravel-vuejs-tutorial/backend/vendor/laravel/framework/src/Illuminate/Foundation/Http/Middleware/TransformsRequest.php(21): Illuminate\\Pipeline\\Pipeline->Illuminate\\Pipeline\\{closure}()
#23 /var/www/html/work/laravel-vuejs-tutorial/backend/vendor/laravel/framework/src/Illuminate/Foundation/Http/Middleware/ConvertEmptyStringsToNull.php(31): Illuminate\\Foundation\\Http\\Middleware\\TransformsRequest->handle()
#24 /var/www/html/work/laravel-vuejs-tutorial/backend/vendor/laravel/framework/src/Illuminate/Pipeline/Pipeline.php(183): Illuminate\\Foundation\\Http\\Middleware\\ConvertEmptyStringsToNull->handle()
#25 /var/www/html/work/laravel-vuejs-tutorial/backend/vendor/laravel/framework/src/Illuminate/Foundation/Http/Middleware/TransformsRequest.php(21): Illuminate\\Pipeline\\Pipeline->Illuminate\\Pipeline\\{closure}()
#26 /var/www/html/work/laravel-vuejs-tutorial/backend/vendor/laravel/framework/src/Illuminate/Foundation/Http/Middleware/TrimStrings.php(40): Illuminate\\Foundation\\Http\\Middleware\\TransformsRequest->handle()
#27 /var/www/html/work/laravel-vuejs-tutorial/backend/vendor/laravel/framework/src/Illuminate/Pipeline/Pipeline.php(183): Illuminate\\Foundation\\Http\\Middleware\\TrimStrings->handle()
#28 /var/www/html/work/laravel-vuejs-tutorial/backend/vendor/laravel/framework/src/Illuminate/Foundation/Http/Middleware/ValidatePostSize.php(27): Illuminate\\Pipeline\\Pipeline->Illuminate\\Pipeline\\{closure}()
#29 /var/www/html/work/laravel-vuejs-tutorial/backend/vendor/laravel/framework/src/Illuminate/Pipeline/Pipeline.php(183): Illuminate\\Foundation\\Http\\Middleware\\ValidatePostSize->handle()
#30 /var/www/html/work/laravel-vuejs-tutorial/backend/vendor/laravel/framework/src/Illuminate/Foundation/Http/Middleware/PreventRequestsDuringMaintenance.php(99): Illuminate\\Pipeline\\Pipeline->Illuminate\\Pipeline\\{closure}()
#31 /var/www/html/work/laravel-vuejs-tutorial/backend/vendor/laravel/framework/src/Illuminate/Pipeline/Pipeline.php(183): Illuminate\\Foundation\\Http\\Middleware\\PreventRequestsDuringMaintenance->handle()
#32 /var/www/html/work/laravel-vuejs-tutorial/backend/vendor/laravel/framework/src/Illuminate/Http/Middleware/HandleCors.php(49): Illuminate\\Pipeline\\Pipeline->Illuminate\\Pipeline\\{closure}()
#33 /var/www/html/work/laravel-vuejs-tutorial/backend/vendor/laravel/framework/src/Illuminate/Pipeline/Pipeline.php(183): Illuminate\\Http\\Middleware\\HandleCors->handle()
#34 /var/www/html/work/laravel-vuejs-tutorial/backend/vendor/laravel/framework/src/Illuminate/Http/Middleware/TrustProxies.php(39): Illuminate\\Pipeline\\Pipeline->Illuminate\\Pipeline\\{closure}()
#35 /var/www/html/work/laravel-vuejs-tutorial/backend/vendor/laravel/framework/src/Illuminate/Pipeline/Pipeline.php(183): Illuminate\\Http\\Middleware\\TrustProxies->handle()
#36 /var/www/html/work/laravel-vuejs-tutorial/backend/vendor/laravel/framework/src/Illuminate/Pipeline/Pipeline.php(119): Illuminate\\Pipeline\\Pipeline->Illuminate\\Pipeline\\{closure}()
#37 /var/www/html/work/laravel-vuejs-tutorial/backend/vendor/laravel/framework/src/Illuminate/Foundation/Http/Kernel.php(175): Illuminate\\Pipeline\\Pipeline->then()
#38 /var/www/html/work/laravel-vuejs-tutorial/backend/vendor/laravel/framework/src/Illuminate/Foundation/Http/Kernel.php(144): Illuminate\\Foundation\\Http\\Kernel->sendRequestThroughRouter()
#39 /var/www/html/work/laravel-vuejs-tutorial/backend/public/index.php(51): Illuminate\\Foundation\\Http\\Kernel->handle()
#40 /var/www/html/work/laravel-vuejs-tutorial/backend/vendor/laravel/framework/src/Illuminate/Foundation/resources/server.php(16): require_once('...')
#41 {main}
"} 
[2024-02-18 21:14:11] local.ERROR: SQLSTATE[HY000] [1045] Access denied for user 'root'@'localhost' (using password: NO) (Connection: mysql, SQL: select count(*) as aggregate from `telescope_entries` where `type` = exception and `family_hash` = 315472fabb1db9de8e5e2b5985d027ec) {"exception":"[object] (Illuminate\\Database\\QueryException(code: 1045): SQLSTATE[HY000] [1045] Access denied for user 'root'@'localhost' (using password: NO) (Connection: mysql, SQL: select count(*) as aggregate from `telescope_entries` where `type` = exception and `family_hash` = 315472fabb1db9de8e5e2b5985d027ec) at /var/www/html/work/laravel-vuejs-tutorial/backend/vendor/laravel/framework/src/Illuminate/Database/Connection.php:822)
[stacktrace]
#0 /var/www/html/work/laravel-vuejs-tutorial/backend/vendor/laravel/framework/src/Illuminate/Database/Connection.php(776): Illuminate\\Database\\Connection->runQueryCallback()
#1 /var/www/html/work/laravel-vuejs-tutorial/backend/vendor/laravel/framework/src/Illuminate/Database/Connection.php(407): Illuminate\\Database\\Connection->run()
#2 /var/www/html/work/laravel-vuejs-tutorial/backend/vendor/laravel/framework/src/Illuminate/Database/Query/Builder.php(2751): Illuminate\\Database\\Connection->select()
#3 /var/www/html/work/laravel-vuejs-tutorial/backend/vendor/laravel/framework/src/Illuminate/Database/Query/Builder.php(2740): Illuminate\\Database\\Query\\Builder->runSelect()
#4 /var/www/html/work/laravel-vuejs-tutorial/backend/vendor/laravel/framework/src/Illuminate/Database/Query/Builder.php(3294): Illuminate\\Database\\Query\\Builder->Illuminate\\Database\\Query\\{closure}()
#5 /var/www/html/work/laravel-vuejs-tutorial/backend/vendor/laravel/framework/src/Illuminate/Database/Query/Builder.php(2739): Illuminate\\Database\\Query\\Builder->onceWithColumns()
#6 /var/www/html/work/laravel-vuejs-tutorial/backend/vendor/laravel/framework/src/Illuminate/Database/Query/Builder.php(3221): Illuminate\\Database\\Query\\Builder->get()
#7 /var/www/html/work/laravel-vuejs-tutorial/backend/vendor/laravel/framework/src/Illuminate/Database/Query/Builder.php(3149): Illuminate\\Database\\Query\\Builder->aggregate()
#8 /var/www/html/work/laravel-vuejs-tutorial/backend/vendor/laravel/telescope/src/Storage/DatabaseEntriesRepository.php(122): Illuminate\\Database\\Query\\Builder->count()
#9 /var/www/html/work/laravel-vuejs-tutorial/backend/vendor/laravel/telescope/src/Storage/DatabaseEntriesRepository.php(164): Laravel\\Telescope\\Storage\\DatabaseEntriesRepository->countExceptionOccurences()
#10 [internal function]: Laravel\\Telescope\\Storage\\DatabaseEntriesRepository->Laravel\\Telescope\\Storage\\{closure}()
#11 /var/www/html/work/laravel-vuejs-tutorial/backend/vendor/laravel/framework/src/Illuminate/Collections/Arr.php(560): array_map()
#12 /var/www/html/work/laravel-vuejs-tutorial/backend/vendor/laravel/framework/src/Illuminate/Collections/Collection.php(777): Illuminate\\Support\\Arr::map()
#13 /var/www/html/work/laravel-vuejs-tutorial/backend/vendor/laravel/telescope/src/Storage/DatabaseEntriesRepository.php(163): Illuminate\\Support\\Collection->map()
#14 /var/www/html/work/laravel-vuejs-tutorial/backend/vendor/laravel/framework/src/Illuminate/Collections/Traits/EnumeratesValues.php(240): Laravel\\Telescope\\Storage\\DatabaseEntriesRepository->Laravel\\Telescope\\Storage\\{closure}()
#15 /var/www/html/work/laravel-vuejs-tutorial/backend/vendor/laravel/telescope/src/Storage/DatabaseEntriesRepository.php(162): Illuminate\\Support\\Collection->each()
#16 /var/www/html/work/laravel-vuejs-tutorial/backend/vendor/laravel/telescope/src/Storage/DatabaseEntriesRepository.php(139): Laravel\\Telescope\\Storage\\DatabaseEntriesRepository->storeExceptions()
#17 /var/www/html/work/laravel-vuejs-tutorial/backend/vendor/laravel/telescope/src/Telescope.php(668): Laravel\\Telescope\\Storage\\DatabaseEntriesRepository->store()
#18 [internal function]: Laravel\\Telescope\\Telescope::Laravel\\Telescope\\{closure}()
#19 /var/www/html/work/laravel-vuejs-tutorial/backend/vendor/laravel/telescope/src/Telescope.php(293): call_user_func()
#20 /var/www/html/work/laravel-vuejs-tutorial/backend/vendor/laravel/telescope/src/Telescope.php(660): Laravel\\Telescope\\Telescope::withoutRecording()
#21 /var/www/html/work/laravel-vuejs-tutorial/backend/vendor/laravel/telescope/src/ListensForStorageOpportunities.php(65): Laravel\\Telescope\\Telescope::store()
#22 /var/www/html/work/laravel-vuejs-tutorial/backend/vendor/laravel/framework/src/Illuminate/Container/BoundMethod.php(36): Laravel\\Telescope\\Telescope::Laravel\\Telescope\\{closure}()
#23 /var/www/html/work/laravel-vuejs-tutorial/backend/vendor/laravel/framework/src/Illuminate/Container/Util.php(41): Illuminate\\Container\\BoundMethod::Illuminate\\Container\\{closure}()
#24 /var/www/html/work/laravel-vuejs-tutorial/backend/vendor/laravel/framework/src/Illuminate/Container/BoundMethod.php(81): Illuminate\\Container\\Util::unwrapIfClosure()
#25 /var/www/html/work/laravel-vuejs-tutorial/backend/vendor/laravel/framework/src/Illuminate/Container/BoundMethod.php(35): Illuminate\\Container\\BoundMethod::callBoundMethod()
#26 /var/www/html/work/laravel-vuejs-tutorial/backend/vendor/laravel/framework/src/Illuminate/Container/Container.php(662): Illuminate\\Container\\BoundMethod::call()
#27 /var/www/html/work/laravel-vuejs-tutorial/backend/vendor/laravel/framework/src/Illuminate/Foundation/Application.php(1274): Illuminate\\Container\\Container->call()
#28 /var/www/html/work/laravel-vuejs-tutorial/backend/vendor/laravel/framework/src/Illuminate/Foundation/Http/Kernel.php(215): Illuminate\\Foundation\\Application->terminate()
#29 /var/www/html/work/laravel-vuejs-tutorial/backend/public/index.php(55): Illuminate\\Foundation\\Http\\Kernel->terminate()
#30 /var/www/html/work/laravel-vuejs-tutorial/backend/vendor/laravel/framework/src/Illuminate/Foundation/resources/server.php(16): require_once('...')
#31 {main}

[previous exception] [object] (PDOException(code: 1045): SQLSTATE[HY000] [1045] Access denied for user 'root'@'localhost' (using password: NO) at /var/www/html/work/laravel-vuejs-tutorial/backend/vendor/laravel/framework/src/Illuminate/Database/Connectors/Connector.php:65)
[stacktrace]
#0 /var/www/html/work/laravel-vuejs-tutorial/backend/vendor/laravel/framework/src/Illuminate/Database/Connectors/Connector.php(65): PDO->__construct()
#1 /var/www/html/work/laravel-vuejs-tutorial/backend/vendor/laravel/framework/src/Illuminate/Database/Connectors/Connector.php(44): Illuminate\\Database\\Connectors\\Connector->createPdoConnection()
#2 /var/www/html/work/laravel-vuejs-tutorial/backend/vendor/laravel/framework/src/Illuminate/Database/Connectors/MySqlConnector.php(24): Illuminate\\Database\\Connectors\\Connector->createConnection()
#3 /var/www/html/work/laravel-vuejs-tutorial/backend/vendor/laravel/framework/src/Illuminate/Database/Connectors/ConnectionFactory.php(184): Illuminate\\Database\\Connectors\\MySqlConnector->connect()
#4 [internal function]: Illuminate\\Database\\Connectors\\ConnectionFactory->Illuminate\\Database\\Connectors\\{closure}()
#5 /var/www/html/work/laravel-vuejs-tutorial/backend/vendor/laravel/framework/src/Illuminate/Database/Connection.php(1319): call_user_func()
#6 /var/www/html/work/laravel-vuejs-tutorial/backend/vendor/laravel/framework/src/Illuminate/Database/Connection.php(1355): Illuminate\\Database\\Connection->getPdo()
#7 /var/www/html/work/laravel-vuejs-tutorial/backend/vendor/laravel/framework/src/Illuminate/Database/Connection.php(521): Illuminate\\Database\\Connection->getReadPdo()
#8 /var/www/html/work/laravel-vuejs-tutorial/backend/vendor/laravel/framework/src/Illuminate/Database/Connection.php(416): Illuminate\\Database\\Connection->getPdoForSelect()
#9 /var/www/html/work/laravel-vuejs-tutorial/backend/vendor/laravel/framework/src/Illuminate/Database/Connection.php(809): Illuminate\\Database\\Connection->Illuminate\\Database\\{closure}()
#10 /var/www/html/work/laravel-vuejs-tutorial/backend/vendor/laravel/framework/src/Illuminate/Database/Connection.php(776): Illuminate\\Database\\Connection->runQueryCallback()
#11 /var/www/html/work/laravel-vuejs-tutorial/backend/vendor/laravel/framework/src/Illuminate/Database/Connection.php(407): Illuminate\\Database\\Connection->run()
#12 /var/www/html/work/laravel-vuejs-tutorial/backend/vendor/laravel/framework/src/Illuminate/Database/Query/Builder.php(2751): Illuminate\\Database\\Connection->select()
#13 /var/www/html/work/laravel-vuejs-tutorial/backend/vendor/laravel/framework/src/Illuminate/Database/Query/Builder.php(2740): Illuminate\\Database\\Query\\Builder->runSelect()
#14 /var/www/html/work/laravel-vuejs-tutorial/backend/vendor/laravel/framework/src/Illuminate/Database/Query/Builder.php(3294): Illuminate\\Database\\Query\\Builder->Illuminate\\Database\\Query\\{closure}()
#15 /var/www/html/work/laravel-vuejs-tutorial/backend/vendor/laravel/framework/src/Illuminate/Database/Query/Builder.php(2739): Illuminate\\Database\\Query\\Builder->onceWithColumns()
#16 /var/www/html/work/laravel-vuejs-tutorial/backend/vendor/laravel/framework/src/Illuminate/Database/Query/Builder.php(3221): Illuminate\\Database\\Query\\Builder->get()
#17 /var/www/html/work/laravel-vuejs-tutorial/backend/vendor/laravel/framework/src/Illuminate/Database/Query/Builder.php(3149): Illuminate\\Database\\Query\\Builder->aggregate()
#18 /var/www/html/work/laravel-vuejs-tutorial/backend/vendor/laravel/telescope/src/Storage/DatabaseEntriesRepository.php(122): Illuminate\\Database\\Query\\Builder->count()
#19 /var/www/html/work/laravel-vuejs-tutorial/backend/vendor/laravel/telescope/src/Storage/DatabaseEntriesRepository.php(164): Laravel\\Telescope\\Storage\\DatabaseEntriesRepository->countExceptionOccurences()
#20 [internal function]: Laravel\\Telescope\\Storage\\DatabaseEntriesRepository->Laravel\\Telescope\\Storage\\{closure}()
#21 /var/www/html/work/laravel-vuejs-tutorial/backend/vendor/laravel/framework/src/Illuminate/Collections/Arr.php(560): array_map()
#22 /var/www/html/work/laravel-vuejs-tutorial/backend/vendor/laravel/framework/src/Illuminate/Collections/Collection.php(777): Illuminate\\Support\\Arr::map()
#23 /var/www/html/work/laravel-vuejs-tutorial/backend/vendor/laravel/telescope/src/Storage/DatabaseEntriesRepository.php(163): Illuminate\\Support\\Collection->map()
#24 /var/www/html/work/laravel-vuejs-tutorial/backend/vendor/laravel/framework/src/Illuminate/Collections/Traits/EnumeratesValues.php(240): Laravel\\Telescope\\Storage\\DatabaseEntriesRepository->Laravel\\Telescope\\Storage\\{closure}()
#25 /var/www/html/work/laravel-vuejs-tutorial/backend/vendor/laravel/telescope/src/Storage/DatabaseEntriesRepository.php(162): Illuminate\\Support\\Collection->each()
#26 /var/www/html/work/laravel-vuejs-tutorial/backend/vendor/laravel/telescope/src/Storage/DatabaseEntriesRepository.php(139): Laravel\\Telescope\\Storage\\DatabaseEntriesRepository->storeExceptions()
#27 /var/www/html/work/laravel-vuejs-tutorial/backend/vendor/laravel/telescope/src/Telescope.php(668): Laravel\\Telescope\\Storage\\DatabaseEntriesRepository->store()
#28 [internal function]: Laravel\\Telescope\\Telescope::Laravel\\Telescope\\{closure}()
#29 /var/www/html/work/laravel-vuejs-tutorial/backend/vendor/laravel/telescope/src/Telescope.php(293): call_user_func()
#30 /var/www/html/work/laravel-vuejs-tutorial/backend/vendor/laravel/telescope/src/Telescope.php(660): Laravel\\Telescope\\Telescope::withoutRecording()
#31 /var/www/html/work/laravel-vuejs-tutorial/backend/vendor/laravel/telescope/src/ListensForStorageOpportunities.php(65): Laravel\\Telescope\\Telescope::store()
#32 /var/www/html/work/laravel-vuejs-tutorial/backend/vendor/laravel/framework/src/Illuminate/Container/BoundMethod.php(36): Laravel\\Telescope\\Telescope::Laravel\\Telescope\\{closure}()
#33 /var/www/html/work/laravel-vuejs-tutorial/backend/vendor/laravel/framework/src/Illuminate/Container/Util.php(41): Illuminate\\Container\\BoundMethod::Illuminate\\Container\\{closure}()
#34 /var/www/html/work/laravel-vuejs-tutorial/backend/vendor/laravel/framework/src/Illuminate/Container/BoundMethod.php(81): Illuminate\\Container\\Util::unwrapIfClosure()
#35 /var/www/html/work/laravel-vuejs-tutorial/backend/vendor/laravel/framework/src/Illuminate/Container/BoundMethod.php(35): Illuminate\\Container\\BoundMethod::callBoundMethod()
#36 /var/www/html/work/laravel-vuejs-tutorial/backend/vendor/laravel/framework/src/Illuminate/Container/Container.php(662): Illuminate\\Container\\BoundMethod::call()
#37 /var/www/html/work/laravel-vuejs-tutorial/backend/vendor/laravel/framework/src/Illuminate/Foundation/Application.php(1274): Illuminate\\Container\\Container->call()
#38 /var/www/html/work/laravel-vuejs-tutorial/backend/vendor/laravel/framework/src/Illuminate/Foundation/Http/Kernel.php(215): Illuminate\\Foundation\\Application->terminate()
#39 /var/www/html/work/laravel-vuejs-tutorial/backend/public/index.php(55): Illuminate\\Foundation\\Http\\Kernel->terminate()
#40 /var/www/html/work/laravel-vuejs-tutorial/backend/vendor/laravel/framework/src/Illuminate/Foundation/resources/server.php(16): require_once('...')
#41 {main}
"} 
